/!\ FAILSAFE /!\  Wed Sep 30 19:25:54 -0400 2009
  Status: 500 Internal Server Error
  no such file to load -- sqlite3
    /Library/Ruby/Site/1.8/rubygems/custom_require.rb:31:in `gem_original_require'
    /Library/Ruby/Site/1.8/rubygems/custom_require.rb:31:in `require'
    /Users/tinney/projects/flickrWebSite/vendor/rails/activesupport/lib/active_support/dependencies.rb:156:in `require'
    /Users/tinney/projects/flickrWebSite/vendor/rails/activesupport/lib/active_support/dependencies.rb:521:in `new_constants_in'
    /Users/tinney/projects/flickrWebSite/vendor/rails/activesupport/lib/active_support/dependencies.rb:156:in `require'
    /Users/tinney/projects/flickrWebSite/vendor/rails/activesupport/lib/active_support/core_ext/kernel/requires.rb:7:in `require_library_or_gem'
    /Users/tinney/projects/flickrWebSite/vendor/rails/activesupport/lib/active_support/core_ext/kernel/reporting.rb:11:in `silence_warnings'
    /Users/tinney/projects/flickrWebSite/vendor/rails/activesupport/lib/active_support/core_ext/kernel/requires.rb:5:in `require_library_or_gem'
    /Users/tinney/projects/flickrWebSite/vendor/rails/activerecord/lib/active_record/connection_adapters/sqlite3_adapter.rb:10:in `sqlite3_connection'
    /Users/tinney/projects/flickrWebSite/vendor/rails/activerecord/lib/active_record/connection_adapters/abstract/connection_pool.rb:223:in `send'
    /Users/tinney/projects/flickrWebSite/vendor/rails/activerecord/lib/active_record/connection_adapters/abstract/connection_pool.rb:223:in `new_connection'
    /Users/tinney/projects/flickrWebSite/vendor/rails/activerecord/lib/active_record/connection_adapters/abstract/connection_pool.rb:245:in `checkout_new_connection'
    /Users/tinney/projects/flickrWebSite/vendor/rails/activerecord/lib/active_record/connection_adapters/abstract/connection_pool.rb:188:in `checkout'
    /Users/tinney/projects/flickrWebSite/vendor/rails/activerecord/lib/active_record/connection_adapters/abstract/connection_pool.rb:184:in `loop'
    /Users/tinney/projects/flickrWebSite/vendor/rails/activerecord/lib/active_record/connection_adapters/abstract/connection_pool.rb:184:in `checkout'
    /System/Library/Frameworks/Ruby.framework/Versions/1.8/usr/lib/ruby/1.8/monitor.rb:242:in `synchronize'
    /Users/tinney/projects/flickrWebSite/vendor/rails/activerecord/lib/active_record/connection_adapters/abstract/connection_pool.rb:183:in `checkout'
    /Users/tinney/projects/flickrWebSite/vendor/rails/activerecord/lib/active_record/connection_adapters/abstract/connection_pool.rb:98:in `connection'
    /Users/tinney/projects/flickrWebSite/vendor/rails/activerecord/lib/active_record/connection_adapters/abstract/connection_pool.rb:326:in `retrieve_connection'
    /Users/tinney/projects/flickrWebSite/vendor/rails/activerecord/lib/active_record/connection_adapters/abstract/connection_specification.rb:123:in `retrieve_connection'
    /Users/tinney/projects/flickrWebSite/vendor/rails/activerecord/lib/active_record/connection_adapters/abstract/connection_specification.rb:115:in `connection'
    /Users/tinney/projects/flickrWebSite/vendor/rails/activerecord/lib/active_record/query_cache.rb:9:in `cache'
    /Users/tinney/projects/flickrWebSite/vendor/rails/activerecord/lib/active_record/query_cache.rb:28:in `call'
    /Users/tinney/projects/flickrWebSite/vendor/rails/activerecord/lib/active_record/connection_adapters/abstract/connection_pool.rb:361:in `call'
    /Users/tinney/.gem/ruby/1.8/gems/rack-1.0.0/lib/rack/head.rb:9:in `call'
    /Users/tinney/.gem/ruby/1.8/gems/rack-1.0.0/lib/rack/methodoverride.rb:24:in `call'
    /Users/tinney/projects/flickrWebSite/vendor/rails/actionpack/lib/action_controller/params_parser.rb:15:in `call'
    /Users/tinney/projects/flickrWebSite/vendor/rails/actionpack/lib/action_controller/session/cookie_store.rb:93:in `call'
    /Users/tinney/projects/flickrWebSite/vendor/rails/actionpack/lib/action_controller/failsafe.rb:26:in `call'
    /Users/tinney/.gem/ruby/1.8/gems/rack-1.0.0/lib/rack/lock.rb:11:in `call'
    /Users/tinney/.gem/ruby/1.8/gems/rack-1.0.0/lib/rack/lock.rb:11:in `synchronize'
    /Users/tinney/.gem/ruby/1.8/gems/rack-1.0.0/lib/rack/lock.rb:11:in `call'
    /Users/tinney/projects/flickrWebSite/vendor/rails/actionpack/lib/action_controller/dispatcher.rb:114:in `call'
    /Users/tinney/projects/flickrWebSite/vendor/rails/actionpack/lib/action_controller/reloader.rb:34:in `run'
    /Users/tinney/projects/flickrWebSite/vendor/rails/actionpack/lib/action_controller/dispatcher.rb:108:in `call'
    /Users/tinney/projects/flickrWebSite/vendor/rails/railties/lib/rails/rack/static.rb:31:in `call'
    /Users/tinney/.gem/ruby/1.8/gems/rack-1.0.0/lib/rack/urlmap.rb:46:in `call'
    /Users/tinney/.gem/ruby/1.8/gems/rack-1.0.0/lib/rack/urlmap.rb:40:in `each'
    /Users/tinney/.gem/ruby/1.8/gems/rack-1.0.0/lib/rack/urlmap.rb:40:in `call'
    /Users/tinney/projects/flickrWebSite/vendor/rails/railties/lib/rails/rack/log_tailer.rb:17:in `call'
    /Users/tinney/.gem/ruby/1.8/gems/rack-1.0.0/lib/rack/content_length.rb:13:in `call'
    /Users/tinney/.gem/ruby/1.8/gems/rack-1.0.0/lib/rack/chunked.rb:15:in `call'
    /Users/tinney/.gem/ruby/1.8/gems/rack-1.0.0/lib/rack/handler/mongrel.rb:61:in `process'
    /Users/tinney/.gem/ruby/1.8/gems/mongrel-1.1.5/lib/mongrel.rb:159:in `process_client'
    /Users/tinney/.gem/ruby/1.8/gems/mongrel-1.1.5/lib/mongrel.rb:158:in `each'
    /Users/tinney/.gem/ruby/1.8/gems/mongrel-1.1.5/lib/mongrel.rb:158:in `process_client'
    /Users/tinney/.gem/ruby/1.8/gems/mongrel-1.1.5/lib/mongrel.rb:285:in `run'
    /Users/tinney/.gem/ruby/1.8/gems/mongrel-1.1.5/lib/mongrel.rb:285:in `initialize'
    /Users/tinney/.gem/ruby/1.8/gems/mongrel-1.1.5/lib/mongrel.rb:285:in `new'
    /Users/tinney/.gem/ruby/1.8/gems/mongrel-1.1.5/lib/mongrel.rb:285:in `run'
    /Users/tinney/.gem/ruby/1.8/gems/mongrel-1.1.5/lib/mongrel.rb:268:in `initialize'
    /Users/tinney/.gem/ruby/1.8/gems/mongrel-1.1.5/lib/mongrel.rb:268:in `new'
    /Users/tinney/.gem/ruby/1.8/gems/mongrel-1.1.5/lib/mongrel.rb:268:in `run'
    /Users/tinney/.gem/ruby/1.8/gems/rack-1.0.0/lib/rack/handler/mongrel.rb:34:in `run'
    /Users/tinney/projects/flickrWebSite/vendor/rails/railties/lib/commands/server.rb:111
    /Library/Ruby/Site/1.8/rubygems/custom_require.rb:31:in `gem_original_require'
    /Library/Ruby/Site/1.8/rubygems/custom_require.rb:31:in `require'
    script/server:3


Processing ApplicationController#index (for 127.0.0.1 at 2009-09-30 19:31:38) [GET]

ActionController::RoutingError (No route matches "/" with {:method=>:get}):
  

Rendering rescues/layout (not_found)


Processing PagesController#homepage (for 127.0.0.1 at 2009-09-30 19:32:09) [GET]

ActionController::UnknownAction (No action responded to homepage. Actions: ):
  

Rendering rescues/layout (not_found)


Processing PagesController#homepage (for 127.0.0.1 at 2009-09-30 19:32:10) [GET]

ActionController::UnknownAction (No action responded to homepage. Actions: ):
  

Rendering rescues/layout (not_found)


Processing PagesController#homepage (for 127.0.0.1 at 2009-09-30 19:32:11) [GET]

ActionController::UnknownAction (No action responded to homepage. Actions: ):
  

Rendering rescues/layout (not_found)


Processing PagesController#homepage (for 127.0.0.1 at 2009-09-30 19:32:46) [GET]

ActionView::MissingTemplate (Missing template pages/homepage.erb in view path app/views):
  

Rendering rescues/layout (internal_server_error)


Processing PagesController#homepage (for 127.0.0.1 at 2009-09-30 19:33:09) [GET]
Rendering pages/homepage
Completed in 6ms (View: 5 | 200 OK [http://localhost/]
